2008-06-20 15:29:11,147 INFO  [trader.listener.OrderRequestListener#mainProcess:176] :  
OrdReqThreadNo:[OrdReqThreadNo_9],OrderBindInfo:[priceId=20080617MKPD000000799807,currencyPair=EUR/USD,productId=null,orde
rId=null,tradeId=null,customerId=null,side=-1,mode=1,amount=30000.00,OrderBindId=2008061700006501,TradeBidPrice=1.2347,Tra
deAskPrice=1.4352,timequoteId=null,mobileFlag=false,Slippage=null,Type=10,inManualStatus=0MarketOpenPrice=false],limitOrde
rMap={20080617ORD00010537=1.234000},stopOrderFlag=0]
2008-06-20 15:29:11,206 INFO  [trader.listener.OrderRequestListener#mainProcess:517] : [Trader Opm Order Stay position 
Mode Start]2008061700006501|1
2008-06-20 15:29:11,292 INFO  [trader.listener.OrderRequestListener#mainProcess:519] : [Trader Opm Order Stay position 
Mode End]2008061700006501|1
2008-06-20 15:29:11,292 INFO  [trader.business.ExecWriter#fillOrder:310] : opm order|0|true|1.2347
2008-06-20 15:29:11,292 INFO  [trader.business.ExecWriter#fillOrder:322] : limit order usd order 
price20080617ORD00010537|2008061700006501|1.234000
2008-06-20 15:29:11,301 INFO  [core.custtrade.FillOrderServiceImpl#fillOrder:371] : fillOrder Core Times : 7 
(millseconds)20080617ORD00010537
2008-06-20 15:29:11,302 INFO  [core.custtrade.FillOrderServiceImpl#fillOrder:377] : fillOrder begin Transaction Times : 1 
(millseconds)20080617ORD00010537
2008-06-20 15:29:11,302 INFO  [core.dao.LockHelper#customerForUpdate:151] : ==== LockHelper.lockCustomer() Start: 00000142
2008-06-20 15:29:11,304 INFO  [core.dao.LockHelper#customerForUpdate:163] : ==== LockHelper.lockCustomer() End: 00000142
2008-06-20 15:29:11,304 INFO  [core.custtrade.FillOrderServiceImpl#fillOrder:420] : getFormulaService 
Start:20080617ORD00010537
2008-06-20 15:29:11,320 INFO  [core.custtrade.FillOrderServiceImpl#fillOrder:423] : getFormulaService 
End:20080617ORD00010537
2008-06-20 15:29:11,320 INFO  [core.custtrade.FillOrderServiceImpl#fillOrder:425] : order fillOrder 
Start:20080617ORD00010537
2008-06-20 15:29:11,345 INFO  [core.custtrade.FillOrderServiceImpl#fillOrder:427] : order fillOrder 
End:20080617ORD00010537
2008-06-20 15:29:11,345 INFO  [core.custtrade.FillOrderServiceImpl#fillOrder:435] : get DealerCode 
Start:20080617ORD00010537
2008-06-20 15:29:11,345 INFO  [core.custtrade.FillOrderServiceImpl#fillOrder:470] : get DealerCode End:20080617ORD00010537
2008-06-20 15:29:11,346 INFO  [core.custtrade.FillOrderServiceImpl#fillOrder:588] : storeExecution 
Start:20080617ORD00010537
2008-06-20 15:29:11,346 INFO  [core.dao.TradeDao#storeExecution:134] : ======== TradeDao.storeExecution Start: 
cn.bestwiz.jhf.core.dao.bean.main.JhfExecution@a760b2[executionId=20080617CUEX00002508,tradeType=0,executionType=0,side=-1,
boardRate=1.234000,negoId=<null>,cpPrice=0.0,revisionNumber=1,customerId=00000142,currencyPair=EUR/USD,productId=A009,trad
eId=20080617TRAD00010537,tradePrice=1.234000,commission=0.0000,losscutOrderFlag=0,executionCorrectStatus=<null>,comments=<
null>,commissionTax=0.0,settleDate=20080619,executionPrice=1.234000,executionDate=20080617,executionDatetime=2008-06-20 
15:29:11.346,executionTime=152911,executionAmount=30000.00,settleContractId=<null>,orderPrice=1.234000,orderDate=20080617,
orderDatetime=2008-06-20 
15:28:49.0,orderTime=152849,orderId=20080617ORD00010537,dealerCode=AUTO,agentStaffId=system,groupId=DEFAULT,convertRate=<n
ull>,forceRelationFlag=0,forceRelationId=T000000054,updateStaffId=system,inputStaffId=system,activeFlag=1,inputDate=2008-0
6-20 15:29:11.346,updateDate=2008-06-20 15:29:11.346,executionBindStatus=1,customerOrderNo=T000000054]
2008-06-20 15:29:11,347 INFO  [core.dao.TradeDao#storeExecution:146] : ======== TradeDao.storeExecution End: 
cn.bestwiz.jhf.core.dao.bean.main.JhfExecution@a760b2[executionId=20080617CUEX00002508,tradeType=0,executionType=0,side=-1,
boardRate=1.234000,negoId=<null>,cpPrice=0.0,revisionNumber=1,customerId=00000142,currencyPair=EUR/USD,productId=A009,trad
eId=20080617TRAD00010537,tradePrice=1.234000,commission=0.0000,losscutOrderFlag=0,executionCorrectStatus=<null>,comments=<
null>,commissionTax=0.0,settleDate=20080619,executionPrice=1.234000,executionDate=20080617,executionDatetime=2008-06-20 
15:29:11.346,executionTime=152911,executionAmount=30000.00,settleContractId=<null>,orderPrice=1.234000,orderDate=20080617,
orderDatetime=2008-06-20 
15:28:49.0,orderTime=152849,orderId=20080617ORD00010537,dealerCode=AUTO,agentStaffId=system,groupId=DEFAULT,convertRate=<n
ull>,forceRelationFlag=0,forceRelationId=T000000054,updateStaffId=system,inputStaffId=system,activeFlag=1,inputDate=2008-0
6-20 15:29:11.346,updateDate=2008-06-20 15:29:11.346,executionBindStatus=1,customerOrderNo=T000000054]
2008-06-20 15:29:11,347 INFO  [core.custtrade.FillOrderServiceImpl#fillOrder:590] : storeExecution End:20080617ORD00010537
2008-06-20 15:29:11,348 INFO  [core.custtrade.FillOrderServiceImpl#fillOrder:655] : createHedgeCusttrade 
Start:20080617ORD00010537
2008-06-20 15:29:11,348 INFO  [core.dao.OrderDao#createHedgeCusttrade:381] : ======== OrderDao.createHedgeCusttrade() 
Start: 
2008-06-20 15:29:11,348 INFO  [core.dao.OrderDao#createHedgeCusttrade:438] : ======== OrderDao.createHedgeCusttrade() 
End: 
2008-06-20 15:29:11,348 INFO  [core.custtrade.FillOrderServiceImpl#fillOrder:659] : createHedgeCusttrade 
Start:20080617ORD00010537
2008-06-20 15:29:11,349 INFO  [core.custtrade.FillOrderServiceImpl#fillOrder:674] : storeContract 
Start:20080617ORD00010537
2008-06-20 15:29:11,349 INFO  [core.dao.TradeDao#storeContract:1301] : ======== TradeDao.storeContract Start: 
cn.bestwiz.jhf.core.dao.bean.main.JhfAliveContract@9fb8b6[contractId=20080617CONT00001503,tradeType=0,side=-1,contractCurr
encyCode=EUR,counterCurrencyCode=USD,productId=A009,tradeId=20080617TRAD00010537,orderId=20080617ORD00010537,revisionNumbe
r=1,currencyPair=EUR/USD,cpPrice=0.0,customerId=00000142,swapInterest=0,settlementCommission=0.0000,previousSwapInterest=0,
prePreviousSwapInterest=0,originalSettleDate=20080619,settleDate=20080619,amountNoSettled=30000.00,currentUnrealizedPl=0,p
reviousUnrealizedPl=0,executionDatetime=2008-06-20 
15:29:11.346,orderPrice=1.234000,tradePrice=1.234000,executionPrice=1.234000,amount=30000.00,orderDatetime=2008-06-20 
15:28:49.0,amountSettled=0,openCommission=0.0000,amountSettling=0,todayAddedSwap=<null>,forceRelationFlag=0,forceRelationI
d=T000000054,status=1,agentStaffId=<null>,updateStaffId=system,inputStaffId=system,activeFlag=1,inputDate=2008-06-20 
15:29:11.349,updateDate=2008-06-20 15:29:11.349,customerOrderNo=T000000054,changeReason=1]
2008-06-20 15:29:11,350 INFO  [core.custtrade.FillOrderServiceImpl#fillOrder:676] : storeContract End:20080617ORD00010537
2008-06-20 15:29:11,350 INFO  [core.custtrade.FillOrderServiceImpl#fillOrder:682] : storeContract His 
End:20080617ORD00010537
2008-06-20 15:29:11,373 INFO  [core.custtrade.FillOrderServiceImpl#fillOrder:699] : fillOrder Commit Transaction Times : 
72 (millseconds)20080617ORD00010537
2008-06-20 15:29:11,374 INFO  [core.custtrade.FillOrderServiceImpl#fillOrder:707] : updateFormula 
Start:20080617ORD00010537
2008-06-20 15:29:11,374 INFO  [core.dao.LockHelper#updateFormula:176] : ==== LockHelper.updateFormula(): 00000142
2008-06-20 15:29:11,377 INFO  [core.custtrade.FillOrderServiceImpl#fillOrder:709] : updateFormula End:20080617ORD00010537
2008-06-20 15:29:11,377 INFO  [core.custtrade.FillOrderServiceImpl#fillOrder:719] : fillOrder send AlertFrontInfo 
Start:20080617ORD00010537
2008-06-20 15:29:11,378 INFO  [core.custtrade.FillOrderServiceImpl#fillOrder:721] : fillOrder send AlertFrontInfo 
End:20080617ORD00010537|00000142|2
2008-06-20 15:29:11,378 INFO  [trader.business.ExecWriter#fillOrder:376] :  fillOrder() end .=== Total Times : 86 
(ms),orderId:20080617ORD00010537 ,orderBindId:2008061700006501
